
*** Running vivado
    with args -log Stopwatch_main.vds -m64 -product Vivado -mode batch -messageDb vivado.pb -notrace -source Stopwatch_main.tcl



****** Vivado v2024.2 (64-bit)
  **** SW Build 5239630 on Fri Nov 08 22:35:27 MST 2024
  **** IP Build 5239520 on Sun Nov 10 16:12:51 MST 2024
  **** SharedData Build 5239561 on Fri Nov 08 14:39:27 MST 2024
  **** Start of session at: Tue May 27 16:15:22 2025
    ** Copyright 1986-2022 Xilinx, Inc. All Rights Reserved.
    ** Copyright 2022-2024 Advanced Micro Devices, Inc. All Rights Reserved.

source Stopwatch_main.tcl -notrace
Command: read_checkpoint -auto_incremental -incremental {D:/Documentss/An 2/Sem2/SCID/SCID_Proiect_lastVersion/projectSCID_BPRares_2124/projectSCID_BPRares_2124.srcs/utils_1/imports/synth_1/ClkDivider.dcp}
INFO: [Vivado 12-5825] Read reference checkpoint from D:/Documentss/An 2/Sem2/SCID/SCID_Proiect_lastVersion/projectSCID_BPRares_2124/projectSCID_BPRares_2124.srcs/utils_1/imports/synth_1/ClkDivider.dcp for incremental synthesis
INFO: [Vivado 12-7989] Please ensure there are no constraint changes
Command: synth_design -top Stopwatch_main -part xa7a35tcpg236-1I
Starting synth_design
Attempting to get a license for feature 'Synthesis' and/or device 'xa7a35t'
INFO: [Common 17-349] Got license for feature 'Synthesis' and/or device 'xa7a35t'
INFO: [Device 21-403] Loading part xa7a35tcpg236-1I
INFO: [Synth 8-7079] Multithreading enabled for synth_design using a maximum of 2 processes.
INFO: [Synth 8-7078] Launching helper process for spawning children vivado processes
INFO: [Synth 8-7075] Helper process launched with PID 22392
---------------------------------------------------------------------------------
Starting RTL Elaboration : Time (s): cpu = 00:00:05 ; elapsed = 00:00:05 . Memory (MB): peak = 950.020 ; gain = 465.727
---------------------------------------------------------------------------------
INFO: [Synth 8-638] synthesizing module 'Stopwatch_main' [D:/Documentss/An 2/Sem2/SCID/SCID_Proiect_lastVersion/projectSCID_BPRares_2124/projectSCID_BPRares_2124.srcs/sources_1/new/ReflexTimeMeasurement_main.vhd:22]
INFO: [Synth 8-3491] module 'ClkDivider' declared at 'D:/Documentss/An 2/Sem2/SCID/SCID_Proiect_lastVersion/projectSCID_BPRares_2124/projectSCID_BPRares_2124.srcs/sources_1/new/ClkDivider.vhd:14' bound to instance 'ClkA' of component 'ClkDivider' [D:/Documentss/An 2/Sem2/SCID/SCID_Proiect_lastVersion/projectSCID_BPRares_2124/projectSCID_BPRares_2124.srcs/sources_1/new/ReflexTimeMeasurement_main.vhd:153]
INFO: [Synth 8-638] synthesizing module 'ClkDivider' [D:/Documentss/An 2/Sem2/SCID/SCID_Proiect_lastVersion/projectSCID_BPRares_2124/projectSCID_BPRares_2124.srcs/sources_1/new/ClkDivider.vhd:20]
INFO: [Synth 8-256] done synthesizing module 'ClkDivider' (0#1) [D:/Documentss/An 2/Sem2/SCID/SCID_Proiect_lastVersion/projectSCID_BPRares_2124/projectSCID_BPRares_2124.srcs/sources_1/new/ClkDivider.vhd:20]
INFO: [Synth 8-3491] module 'ClkDivider' declared at 'D:/Documentss/An 2/Sem2/SCID/SCID_Proiect_lastVersion/projectSCID_BPRares_2124/projectSCID_BPRares_2124.srcs/sources_1/new/ClkDivider.vhd:14' bound to instance 'Clk0' of component 'ClkDivider' [D:/Documentss/An 2/Sem2/SCID/SCID_Proiect_lastVersion/projectSCID_BPRares_2124/projectSCID_BPRares_2124.srcs/sources_1/new/ReflexTimeMeasurement_main.vhd:154]
INFO: [Synth 8-3491] module 'Digits' declared at 'D:/Documentss/An 2/Sem2/SCID/SCID_Proiect_lastVersion/projectSCID_BPRares_2124/projectSCID_BPRares_2124.srcs/sources_1/new/Digits.vhd:14' bound to instance 'Digit0' of component 'Digits' [D:/Documentss/An 2/Sem2/SCID/SCID_Proiect_lastVersion/projectSCID_BPRares_2124/projectSCID_BPRares_2124.srcs/sources_1/new/ReflexTimeMeasurement_main.vhd:156]
INFO: [Synth 8-638] synthesizing module 'Digits' [D:/Documentss/An 2/Sem2/SCID/SCID_Proiect_lastVersion/projectSCID_BPRares_2124/projectSCID_BPRares_2124.srcs/sources_1/new/Digits.vhd:22]
WARNING: [Synth 8-614] signal 'RST' is read in the process but is not in the sensitivity list [D:/Documentss/An 2/Sem2/SCID/SCID_Proiect_lastVersion/projectSCID_BPRares_2124/projectSCID_BPRares_2124.srcs/sources_1/new/Digits.vhd:28]
WARNING: [Synth 8-614] signal 'X' is read in the process but is not in the sensitivity list [D:/Documentss/An 2/Sem2/SCID/SCID_Proiect_lastVersion/projectSCID_BPRares_2124/projectSCID_BPRares_2124.srcs/sources_1/new/Digits.vhd:28]
INFO: [Synth 8-256] done synthesizing module 'Digits' (0#1) [D:/Documentss/An 2/Sem2/SCID/SCID_Proiect_lastVersion/projectSCID_BPRares_2124/projectSCID_BPRares_2124.srcs/sources_1/new/Digits.vhd:22]
INFO: [Synth 8-3491] module 'Digits' declared at 'D:/Documentss/An 2/Sem2/SCID/SCID_Proiect_lastVersion/projectSCID_BPRares_2124/projectSCID_BPRares_2124.srcs/sources_1/new/Digits.vhd:14' bound to instance 'Digit1' of component 'Digits' [D:/Documentss/An 2/Sem2/SCID/SCID_Proiect_lastVersion/projectSCID_BPRares_2124/projectSCID_BPRares_2124.srcs/sources_1/new/ReflexTimeMeasurement_main.vhd:157]
INFO: [Synth 8-3491] module 'Digits' declared at 'D:/Documentss/An 2/Sem2/SCID/SCID_Proiect_lastVersion/projectSCID_BPRares_2124/projectSCID_BPRares_2124.srcs/sources_1/new/Digits.vhd:14' bound to instance 'Digit2' of component 'Digits' [D:/Documentss/An 2/Sem2/SCID/SCID_Proiect_lastVersion/projectSCID_BPRares_2124/projectSCID_BPRares_2124.srcs/sources_1/new/ReflexTimeMeasurement_main.vhd:158]
INFO: [Synth 8-3491] module 'Digits' declared at 'D:/Documentss/An 2/Sem2/SCID/SCID_Proiect_lastVersion/projectSCID_BPRares_2124/projectSCID_BPRares_2124.srcs/sources_1/new/Digits.vhd:14' bound to instance 'Digit3' of component 'Digits' [D:/Documentss/An 2/Sem2/SCID/SCID_Proiect_lastVersion/projectSCID_BPRares_2124/projectSCID_BPRares_2124.srcs/sources_1/new/ReflexTimeMeasurement_main.vhd:159]
INFO: [Synth 8-3491] module 'SSDDriver' declared at 'D:/Documentss/An 2/Sem2/SCID/SCID_Proiect_lastVersion/projectSCID_BPRares_2124/projectSCID_BPRares_2124.srcs/sources_1/new/SSDDriver.vhd:14' bound to instance 'Driver' of component 'SSDDriver' [D:/Documentss/An 2/Sem2/SCID/SCID_Proiect_lastVersion/projectSCID_BPRares_2124/projectSCID_BPRares_2124.srcs/sources_1/new/ReflexTimeMeasurement_main.vhd:167]
INFO: [Synth 8-638] synthesizing module 'SSDDriver' [D:/Documentss/An 2/Sem2/SCID/SCID_Proiect_lastVersion/projectSCID_BPRares_2124/projectSCID_BPRares_2124.srcs/sources_1/new/SSDDriver.vhd:25]
INFO: [Synth 8-256] done synthesizing module 'SSDDriver' (0#1) [D:/Documentss/An 2/Sem2/SCID/SCID_Proiect_lastVersion/projectSCID_BPRares_2124/projectSCID_BPRares_2124.srcs/sources_1/new/SSDDriver.vhd:25]
INFO: [Synth 8-3491] module 'SevSegmentDisplayModule' declared at 'D:/Documentss/An 2/Sem2/SCID/SCID_Proiect_lastVersion/projectSCID_BPRares_2124/projectSCID_BPRares_2124.srcs/sources_1/new/SevSegmentDisplayModule.vhd:13' bound to instance 'Display' of component 'SevSegmentDisplayModule' [D:/Documentss/An 2/Sem2/SCID/SCID_Proiect_lastVersion/projectSCID_BPRares_2124/projectSCID_BPRares_2124.srcs/sources_1/new/ReflexTimeMeasurement_main.vhd:172]
INFO: [Synth 8-638] synthesizing module 'SevSegmentDisplayModule' [D:/Documentss/An 2/Sem2/SCID/SCID_Proiect_lastVersion/projectSCID_BPRares_2124/projectSCID_BPRares_2124.srcs/sources_1/new/SevSegmentDisplayModule.vhd:18]
INFO: [Synth 8-256] done synthesizing module 'SevSegmentDisplayModule' (0#1) [D:/Documentss/An 2/Sem2/SCID/SCID_Proiect_lastVersion/projectSCID_BPRares_2124/projectSCID_BPRares_2124.srcs/sources_1/new/SevSegmentDisplayModule.vhd:18]
INFO: [Synth 8-256] done synthesizing module 'Stopwatch_main' (0#1) [D:/Documentss/An 2/Sem2/SCID/SCID_Proiect_lastVersion/projectSCID_BPRares_2124/projectSCID_BPRares_2124.srcs/sources_1/new/ReflexTimeMeasurement_main.vhd:22]
WARNING: [Synth 8-6014] Unused sequential element last0_reg was removed.  [D:/Documentss/An 2/Sem2/SCID/SCID_Proiect_lastVersion/projectSCID_BPRares_2124/projectSCID_BPRares_2124.srcs/sources_1/new/ReflexTimeMeasurement_main.vhd:79]
WARNING: [Synth 8-6014] Unused sequential element last1_reg was removed.  [D:/Documentss/An 2/Sem2/SCID/SCID_Proiect_lastVersion/projectSCID_BPRares_2124/projectSCID_BPRares_2124.srcs/sources_1/new/ReflexTimeMeasurement_main.vhd:80]
WARNING: [Synth 8-6014] Unused sequential element last2_reg was removed.  [D:/Documentss/An 2/Sem2/SCID/SCID_Proiect_lastVersion/projectSCID_BPRares_2124/projectSCID_BPRares_2124.srcs/sources_1/new/ReflexTimeMeasurement_main.vhd:81]
WARNING: [Synth 8-6014] Unused sequential element last3_reg was removed.  [D:/Documentss/An 2/Sem2/SCID/SCID_Proiect_lastVersion/projectSCID_BPRares_2124/projectSCID_BPRares_2124.srcs/sources_1/new/ReflexTimeMeasurement_main.vhd:82]
---------------------------------------------------------------------------------
Finished RTL Elaboration : Time (s): cpu = 00:00:06 ; elapsed = 00:00:06 . Memory (MB): peak = 1057.438 ; gain = 573.145
---------------------------------------------------------------------------------
---------------------------------------------------------------------------------
Start Handling Custom Attributes
---------------------------------------------------------------------------------
---------------------------------------------------------------------------------
Finished Handling Custom Attributes : Time (s): cpu = 00:00:06 ; elapsed = 00:00:06 . Memory (MB): peak = 1057.438 ; gain = 573.145
---------------------------------------------------------------------------------
---------------------------------------------------------------------------------
Finished RTL Optimization Phase 1 : Time (s): cpu = 00:00:06 ; elapsed = 00:00:06 . Memory (MB): peak = 1057.438 ; gain = 573.145
---------------------------------------------------------------------------------
Netlist sorting complete. Time (s): cpu = 00:00:00 ; elapsed = 00:00:00.003 . Memory (MB): peak = 1057.438 ; gain = 0.000
INFO: [Project 1-570] Preparing netlist for logic optimization

Processing XDC Constraints
Initializing timing engine
Parsing XDC File [D:/Documentss/An 2/Sem2/SCID/SCID_Proiect_lastVersion/projectSCID_BPRares_2124/projectSCID_BPRares_2124.srcs/constrs_1/new/constraints.xdc]
Finished Parsing XDC File [D:/Documentss/An 2/Sem2/SCID/SCID_Proiect_lastVersion/projectSCID_BPRares_2124/projectSCID_BPRares_2124.srcs/constrs_1/new/constraints.xdc]
INFO: [Project 1-236] Implementation specific constraints were found while reading constraint file [D:/Documentss/An 2/Sem2/SCID/SCID_Proiect_lastVersion/projectSCID_BPRares_2124/projectSCID_BPRares_2124.srcs/constrs_1/new/constraints.xdc]. These constraints will be ignored for synthesis but will be used in implementation. Impacted constraints are listed in the file [.Xil/Stopwatch_main_propImpl.xdc].
Resolution: To avoid this warning, move constraints listed in [.Xil/Stopwatch_main_propImpl.xdc] to another XDC file and exclude this new file from synthesis with the used_in_synthesis property (File Properties dialog in GUI) and re-run elaboration/synthesis.
Completed Processing XDC Constraints

Netlist sorting complete. Time (s): cpu = 00:00:00 ; elapsed = 00:00:00 . Memory (MB): peak = 1154.000 ; gain = 0.000
INFO: [Project 1-111] Unisim Transformation Summary:
No Unisim elements were transformed.

Constraint Validation Runtime : Time (s): cpu = 00:00:00 ; elapsed = 00:00:00.001 . Memory (MB): peak = 1154.000 ; gain = 0.000
---------------------------------------------------------------------------------
Finished Constraint Validation : Time (s): cpu = 00:00:11 ; elapsed = 00:00:12 . Memory (MB): peak = 1154.000 ; gain = 669.707
---------------------------------------------------------------------------------
---------------------------------------------------------------------------------
Start Loading Part and Timing Information
---------------------------------------------------------------------------------
Loading part: xa7a35tcpg236-1I
---------------------------------------------------------------------------------
Finished Loading Part and Timing Information : Time (s): cpu = 00:00:11 ; elapsed = 00:00:12 . Memory (MB): peak = 1154.000 ; gain = 669.707
---------------------------------------------------------------------------------
---------------------------------------------------------------------------------
Start Applying 'set_property' XDC Constraints
---------------------------------------------------------------------------------
---------------------------------------------------------------------------------
Finished applying 'set_property' XDC Constraints : Time (s): cpu = 00:00:11 ; elapsed = 00:00:12 . Memory (MB): peak = 1154.000 ; gain = 669.707
---------------------------------------------------------------------------------
---------------------------------------------------------------------------------
Start Preparing Guide Design
---------------------------------------------------------------------------------
CRITICAL WARNING: [Synth 8-6895] The reference checkpoint D:/Documentss/An 2/Sem2/SCID/SCID_Proiect_lastVersion/projectSCID_BPRares_2124/projectSCID_BPRares_2124.srcs/utils_1/imports/synth_1/ClkDivider.dcp is not suitable for use with incremental synthesis for this design. Please regenerate the checkpoint for this design with -incremental_synth switch in the same Vivado session that synth_design has been run. Synthesis will continue with the default flow
---------------------------------------------------------------------------------
Finished Doing Graph Differ : Time (s): cpu = 00:00:12 ; elapsed = 00:00:13 . Memory (MB): peak = 1154.000 ; gain = 669.707
---------------------------------------------------------------------------------
---------------------------------------------------------------------------------
Finished Preparing Guide Design : Time (s): cpu = 00:00:12 ; elapsed = 00:00:13 . Memory (MB): peak = 1154.000 ; gain = 669.707
---------------------------------------------------------------------------------
INFO: [Synth 8-802] inferred FSM for state register 'SEL_reg' in module 'SSDDriver'
---------------------------------------------------------------------------------------------------
                   State |                     New Encoding |                Previous Encoding 
---------------------------------------------------------------------------------------------------
                    "00" |                               00 |                               00
                    "01" |                               01 |                               01
                    "10" |                               10 |                               10
                  iSTATE |                               11 |                               11
*
---------------------------------------------------------------------------------------------------
INFO: [Synth 8-3354] encoded FSM with state register 'SEL_reg' using encoding 'sequential' in module 'SSDDriver'
---------------------------------------------------------------------------------
Finished RTL Optimization Phase 2 : Time (s): cpu = 00:00:12 ; elapsed = 00:00:13 . Memory (MB): peak = 1154.000 ; gain = 669.707
---------------------------------------------------------------------------------


Incremental Synthesis Report Summary:

1. Incremental synthesis run: no

   Reason for not running incremental synthesis : 


INFO: [Synth 8-7130] Flow is switching to default flow due to incremental criteria not met. If you would like to alter this behaviour and have the flow terminate instead, please set the following parameter config_implementation {autoIncr.Synth.RejectBehavior Terminate}
---------------------------------------------------------------------------------
Start RTL Component Statistics 
---------------------------------------------------------------------------------
Detailed RTL Component Info : 
+---Adders : 
	   2 Input   32 Bit       Adders := 3     
	   2 Input    4 Bit       Adders := 8     
+---Registers : 
	               32 Bit    Registers := 1     
	               10 Bit    Registers := 1     
	                4 Bit    Registers := 14    
	                1 Bit    Registers := 9     
+---Muxes : 
	   2 Input   32 Bit        Muxes := 4     
	   2 Input    4 Bit        Muxes := 12    
	   4 Input    4 Bit        Muxes := 2     
	   4 Input    2 Bit        Muxes := 1     
	   2 Input    1 Bit        Muxes := 16    
	   4 Input    1 Bit        Muxes := 1     
---------------------------------------------------------------------------------
Finished RTL Component Statistics 
---------------------------------------------------------------------------------
---------------------------------------------------------------------------------
Start Part Resource Summary
---------------------------------------------------------------------------------
Part Resources:
DSPs: 90 (col length:60)
BRAMs: 100 (col length: RAMB18 60 RAMB36 30)
---------------------------------------------------------------------------------
Finished Part Resource Summary
---------------------------------------------------------------------------------
---------------------------------------------------------------------------------
Start Cross Boundary and Area Optimization
---------------------------------------------------------------------------------
WARNING: [Synth 8-7080] Parallel synthesis criteria is not met
---------------------------------------------------------------------------------
Finished Cross Boundary and Area Optimization : Time (s): cpu = 00:00:14 ; elapsed = 00:00:15 . Memory (MB): peak = 1154.000 ; gain = 669.707
---------------------------------------------------------------------------------
---------------------------------------------------------------------------------
Start Applying XDC Timing Constraints
---------------------------------------------------------------------------------
---------------------------------------------------------------------------------
Finished Applying XDC Timing Constraints : Time (s): cpu = 00:00:18 ; elapsed = 00:00:19 . Memory (MB): peak = 1244.543 ; gain = 760.250
---------------------------------------------------------------------------------
---------------------------------------------------------------------------------
Start Timing Optimization
---------------------------------------------------------------------------------
---------------------------------------------------------------------------------
Finished Timing Optimization : Time (s): cpu = 00:00:18 ; elapsed = 00:00:19 . Memory (MB): peak = 1264.477 ; gain = 780.184
---------------------------------------------------------------------------------
---------------------------------------------------------------------------------
Start Technology Mapping
---------------------------------------------------------------------------------
---------------------------------------------------------------------------------
Finished Technology Mapping : Time (s): cpu = 00:00:18 ; elapsed = 00:00:19 . Memory (MB): peak = 1274.316 ; gain = 790.023
---------------------------------------------------------------------------------
---------------------------------------------------------------------------------
Start IO Insertion
---------------------------------------------------------------------------------
---------------------------------------------------------------------------------
Start Flattening Before IO Insertion
---------------------------------------------------------------------------------
---------------------------------------------------------------------------------
Finished Flattening Before IO Insertion
---------------------------------------------------------------------------------
---------------------------------------------------------------------------------
Start Final Netlist Cleanup
---------------------------------------------------------------------------------
---------------------------------------------------------------------------------
Finished Final Netlist Cleanup
---------------------------------------------------------------------------------
---------------------------------------------------------------------------------
Finished IO Insertion : Time (s): cpu = 00:00:21 ; elapsed = 00:00:22 . Memory (MB): peak = 1470.781 ; gain = 986.488
---------------------------------------------------------------------------------
---------------------------------------------------------------------------------
Start Renaming Generated Instances
---------------------------------------------------------------------------------
---------------------------------------------------------------------------------
Finished Renaming Generated Instances : Time (s): cpu = 00:00:21 ; elapsed = 00:00:22 . Memory (MB): peak = 1470.781 ; gain = 986.488
---------------------------------------------------------------------------------
---------------------------------------------------------------------------------
Start Rebuilding User Hierarchy
---------------------------------------------------------------------------------
---------------------------------------------------------------------------------
Finished Rebuilding User Hierarchy : Time (s): cpu = 00:00:21 ; elapsed = 00:00:22 . Memory (MB): peak = 1470.781 ; gain = 986.488
---------------------------------------------------------------------------------
---------------------------------------------------------------------------------
Start Renaming Generated Ports
---------------------------------------------------------------------------------
---------------------------------------------------------------------------------
Finished Renaming Generated Ports : Time (s): cpu = 00:00:21 ; elapsed = 00:00:22 . Memory (MB): peak = 1470.781 ; gain = 986.488
---------------------------------------------------------------------------------
---------------------------------------------------------------------------------
Start Handling Custom Attributes
---------------------------------------------------------------------------------
---------------------------------------------------------------------------------
Finished Handling Custom Attributes : Time (s): cpu = 00:00:21 ; elapsed = 00:00:22 . Memory (MB): peak = 1470.781 ; gain = 986.488
---------------------------------------------------------------------------------
---------------------------------------------------------------------------------
Start Renaming Generated Nets
---------------------------------------------------------------------------------
---------------------------------------------------------------------------------
Finished Renaming Generated Nets : Time (s): cpu = 00:00:21 ; elapsed = 00:00:22 . Memory (MB): peak = 1470.781 ; gain = 986.488
---------------------------------------------------------------------------------
---------------------------------------------------------------------------------
Start Writing Synthesis Report
---------------------------------------------------------------------------------

Report BlackBoxes: 
+-+--------------+----------+
| |BlackBox name |Instances |
+-+--------------+----------+
+-+--------------+----------+

Report Cell Usage: 
+------+-------+------+
|      |Cell   |Count |
+------+-------+------+
|1     |BUFG   |     2|
|2     |CARRY4 |    48|
|3     |LUT1   |    39|
|4     |LUT2   |    49|
|5     |LUT3   |    10|
|6     |LUT4   |    62|
|7     |LUT5   |    13|
|8     |LUT6   |    45|
|9     |FDCE   |    16|
|10    |FDPE   |     3|
|11    |FDRE   |   140|
|12    |FDSE   |    12|
|13    |IBUF   |     6|
|14    |OBUF   |    22|
+------+-------+------+
---------------------------------------------------------------------------------
Finished Writing Synthesis Report : Time (s): cpu = 00:00:21 ; elapsed = 00:00:22 . Memory (MB): peak = 1470.781 ; gain = 986.488
---------------------------------------------------------------------------------
Synthesis finished with 0 errors, 1 critical warnings and 1 warnings.
Synthesis Optimization Runtime : Time (s): cpu = 00:00:14 ; elapsed = 00:00:21 . Memory (MB): peak = 1470.781 ; gain = 889.926
Synthesis Optimization Complete : Time (s): cpu = 00:00:21 ; elapsed = 00:00:22 . Memory (MB): peak = 1470.781 ; gain = 986.488
INFO: [Project 1-571] Translating synthesized netlist
Netlist sorting complete. Time (s): cpu = 00:00:00 ; elapsed = 00:00:00.004 . Memory (MB): peak = 1470.781 ; gain = 0.000
INFO: [Netlist 29-17] Analyzing 48 Unisim elements for replacement
INFO: [Netlist 29-28] Unisim Transformation completed in 0 CPU seconds
INFO: [Project 1-570] Preparing netlist for logic optimization
INFO: [Opt 31-138] Pushed 0 inverter(s) to 0 load pin(s).
Netlist sorting complete. Time (s): cpu = 00:00:00 ; elapsed = 00:00:00 . Memory (MB): peak = 1470.781 ; gain = 0.000
INFO: [Project 1-111] Unisim Transformation Summary:
No Unisim elements were transformed.

Synth Design complete | Checksum: 92d37da3
INFO: [Common 17-83] Releasing license: Synthesis
38 Infos, 7 Warnings, 1 Critical Warnings and 0 Errors encountered.
synth_design completed successfully
synth_design: Time (s): cpu = 00:00:23 ; elapsed = 00:00:27 . Memory (MB): peak = 1470.781 ; gain = 1177.941
INFO: [runtcl-6] Synthesis results are not added to the cache due to CRITICAL_WARNING
Write ShapeDB Complete: Time (s): cpu = 00:00:00 ; elapsed = 00:00:00.001 . Memory (MB): peak = 1470.781 ; gain = 0.000
INFO: [Common 17-1381] The checkpoint 'D:/Documentss/An 2/Sem2/SCID/SCID_Proiect_lastVersion/projectSCID_BPRares_2124/projectSCID_BPRares_2124.runs/synth_1/Stopwatch_main.dcp' has been generated.
INFO: [Vivado 12-24828] Executing command : report_utilization -file Stopwatch_main_utilization_synth.rpt -pb Stopwatch_main_utilization_synth.pb
INFO: [Common 17-206] Exiting Vivado at Tue May 27 16:15:50 2025...
