#-----------------------------------------------------------
# Vivado v2024.2 (64-bit)
# SW Build 5239630 on Fri Nov 08 22:35:27 MST 2024
# IP Build 5239520 on Sun Nov 10 16:12:51 MST 2024
# SharedData Build 5239561 on Fri Nov 08 14:39:27 MST 2024
# Start of session at: Wed Jan 21 12:16:36 2026
# Process ID         : 34060
# Current directory  : D:/Documentss/An 2/Sem2/SCID/SCID_Proiect_lastVersion/projectSCID_BPRares_2124
# Command line       : vivado.exe -gui_launcher_event rodinguilauncherevent7748 D:\Documentss\An 2\Sem2\SCID\SCID_Proiect_lastVersion\projectSCID_BPRares_2124\projectSCID_BPRares_2124.xpr
# Log file           : D:/Documentss/An 2/Sem2/SCID/SCID_Proiect_lastVersion/projectSCID_BPRares_2124/vivado.log
# Journal file       : D:/Documentss/An 2/Sem2/SCID/SCID_Proiect_lastVersion/projectSCID_BPRares_2124\vivado.jou
# Running On         : DESKTOP-339HBGO
# Platform           : Windows Server 2016 or Windows 10
# Operating System   : 26200
# Processor Detail   : 12th Gen Intel(R) Core(TM) i7-12700H
# CPU Frequency      : 2688 MHz
# CPU Physical cores : 14
# CPU Logical cores  : 20
# Host memory        : 16782 MB
# Swap memory        : 10200 MB
# Total Virtual      : 26982 MB
# Available Virtual  : 8006 MB
#-----------------------------------------------------------
sstart_guiopen_project {D:/Documentss/An 2/Sem2/SCID/SCID_Proiect_lastVersion/projectSCID_BPRares_2124/projectSCID_BPRares_2124.xpr}
INFO: [filemgmt 56-3] Default IP Output Path : Could not find the directory 'D:/Documentss/An 2/Sem2/SCID/SCID_Proiect_lastVersion/projectSCID_BPRares_2124/projectSCID_BPRares_2124.gen/sources_1'.
Scanning sources...
Finished scanning sources
INFO: [IP_Flow 19-234] Refreshing IP repositories
INFO: [IP_Flow 19-1704] No user IP repositories specified
INFO: [IP_Flow 19-2313] Loaded Vivado IP repository 'D:/UTCNprograms/VIVADO/Vivado/2024.2/data/ip'.
oupdate_compile_order -fileset sources_1
elapsed = 00:00:07 . Memory (MB): peak = 1113.805 ; gain = 64.836
update_compile_order -fileset sources_1
exit
INFO: [Common 17-206] Exiting Vivado at Wed Jan 21 12:18:52 2026...
